<?xml version="1.0" encoding="UTF-8"?>
<!-- Generated by org.testng.reporters.JUnitReportReporter -->
<testsuite hostname="Gabriel-Holmes-MacBook-Pro.local" name="testautomationsg.MWB" tests="1" failures="0" timestamp="5 Nov 2013 22:33:48 GMT" time="99.961" errors="1">
  <testcase name="mwbsanitytest" time="99.961" classname="testautomationsg.MWB">
    <error type="java.lang.AssertionError" message="Expected &quot;Your social support result is moderate. Your assessment answers show that you feel you are able to rely on others&#039; support to some degree but this level is not optimal. While it is important to develop a level of self-reliance, social support is one of the strongest tools you can use to manage your stress.&quot; but saw &quot; Your social support result is moderate. &quot; instead">
      <![CDATA[java.lang.AssertionError: Expected "Your social support result is moderate. Your assessment answers show that you feel you are able to rely on others' support to some degree but this level is not optimal. While it is important to develop a level of self-reliance, social support is one of the strongest tools you can use to manage your stress." but saw " Your social support result is moderate. " instead
	at com.thoughtworks.selenium.SeleneseTestBase.fail(SeleneseTestBase.java:391)
	at com.thoughtworks.selenium.SeleneseTestBase.assertTrue(SeleneseTestBase.java:395)
	at com.thoughtworks.selenium.SeleneseTestBase.assertEquals(SeleneseTestBase.java:200)
	at testautomationsg.MWB.mwbsanitytest(MWB.java:148)
	at sun.reflect.NativeMethodAccessorImpl.invoke0(Native Method)
	at sun.reflect.NativeMethodAccessorImpl.invoke(NativeMethodAccessorImpl.java:39)
	at sun.reflect.DelegatingMethodAccessorImpl.invoke(DelegatingMethodAccessorImpl.java:25)
	at java.lang.reflect.Method.invoke(Method.java:597)
	at org.testng.internal.MethodInvocationHelper.invokeMethod(MethodInvocationHelper.java:84)
	at org.testng.internal.Invoker.invokeMethod(Invoker.java:714)
	at org.testng.internal.Invoker.invokeTestMethod(Invoker.java:901)
	at org.testng.internal.Invoker.invokeTestMethods(Invoker.java:1231)
	at org.testng.internal.TestMethodWorker.invokeTestMethods(TestMethodWorker.java:127)
	at org.testng.internal.TestMethodWorker.run(TestMethodWorker.java:111)
	at org.testng.TestRunner.privateRun(TestRunner.java:767)
	at org.testng.TestRunner.run(TestRunner.java:617)
	at org.testng.SuiteRunner.runTest(SuiteRunner.java:335)
	at org.testng.SuiteRunner.runSequentially(SuiteRunner.java:330)
	at org.testng.SuiteRunner.privateRun(SuiteRunner.java:291)
	at org.testng.SuiteRunner.run(SuiteRunner.java:240)
	at org.testng.SuiteRunnerWorker.runSuite(SuiteRunnerWorker.java:52)
	at org.testng.SuiteRunnerWorker.run(SuiteRunnerWorker.java:86)
	at org.testng.TestNG.runSuitesSequentially(TestNG.java:1224)
	at org.testng.TestNG.runSuitesLocally(TestNG.java:1149)
	at org.testng.TestNG.run(TestNG.java:1057)
	at org.testng.remote.RemoteTestNG.run(RemoteTestNG.java:111)
	at org.testng.remote.RemoteTestNG.initAndRun(RemoteTestNG.java:204)
	at org.testng.remote.RemoteTestNG.main(RemoteTestNG.java:175)
]]>
    </error>
  </testcase> <!-- mwbsanitytest -->
</testsuite> <!-- testautomationsg.MWB -->
